<?xml version="1.0" encoding="UTF-8"?>
<testsuite xmlns:xsi="http://www.w3.org/2001/XMLSchema-instance" xsi:noNamespaceSchemaLocation="https://maven.apache.org/surefire/maven-surefire-plugin/xsd/surefire-test-report.xsd" name="ConstructorCategoryChangeTest" time="12.331" tests="3" errors="0" skipped="0" failures="0">
  <properties>
[...]
</properties>
  <testcase name="changeCategorySauceTest" classname="ConstructorCategoryChangeTest" time="6.726"/>
  <testcase name="changeCategoryNachinkiTest" classname="ConstructorCategoryChangeTest" time="2.763"/>
  <testcase name="changeCategoryBulkiTest" classname="ConstructorCategoryChangeTest" time="2.529"/>
</testsuite>